2025/02/03 22:19:41 server.go:160: WebSocket server listening 127.0.0.1:8080
2025/02/03 22:19:44 server.go:91: Recibiendo petición
2025/02/03 22:19:44 server.go:49: exp: 1738646444
2025/02/03 22:19:44 server.go:50: iat: 1738646384
2025/02/03 22:19:44 server.go:51: sub: 5030a45d88f11a6b916d2209ffbc552825d3d530b9008bbf42fc690ed82e5118
2025/02/03 22:19:44 server.go:80: valid token &{eyJhbGciOiJSUzI1NiIsInR5cCI6IkpXVCJ9.eyJleHAiOjE3Mzg2NDY0NDQsImlhdCI6MTczODY0NjM4NCwic3ViIjoiNTAzMGE0NWQ4OGYxMWE2YjkxNmQyMjA5ZmZiYzU1MjgyNWQzZDUzMGI5MDA4YmJmNDJmYzY5MGVkODJlNTExOCJ9.cdFhMmzt8otie0rx6aPN9FrE6hH8Lg12D5iXtG0PsXR7m7VSW4s1Y8skTLkeQXoFjRYIW0GP-9Coxo_G71RajZFbqkPE7YKP3RkSyNVaqqxgg3pg7gl973XJA66F2JSizHGdOCDRqLYvIIlxIAR6rjtvPihKevRD56wnDRLGjMJsCEECTSpkqU31AkyARAxF5oxDQcIN5P4SQMvif9WVQWnU2syjBC0BgmUDLPm1HACLZF2r5izJ4FQxWentMS6ya956Rkc-eBeD5wTnvak4KqtNoiI-r1OtS5STfnV8Hdb-M9uypHHopolkZYVlyyMo3fuXnPtmVjZeClxLWodl2A 0xc000010180 map[alg:RS256 typ:JWT] 0xc0001b6100  false}
2025/02/03 22:19:44 server.go:130: Token JWT enviado al nodo secundario: eyJhbGciOiJSUzI1NiIsInR5cCI6IkpXVCJ9.eyJhZGRyIjoiMTI3LjAuMC4xOjU1OTA2IiwiZXhwIjoxNzM4NjQ2NDQ0LCJpYXQiOjE3Mzg2NDYzODQsInN1YiI6IjUwMzBhNDVkODhmMTFhNmI5MTZkMjIwOWZmYmM1NTI4MjVkM2Q1MzBiOTAwOGJiZjQyZmM2OTBlZDgyZTUxMTgifQ.qQgM0dXRYHmgA_HQPhhfgTfxPw-x6QwIn7b-SZIyJS0tsGHX8hfaREd4ET4guVVj-hos9zw7HfJIy93dLIlf6XGZFFHyKYyTKlziAtOUmdVQQaKrAB3TZ8sc6FCsxy8uxy4hT9ypifviPF2erxqEQw9y4Xl9Ipo5oRoi4A5HFbly1Mph3Dn3_QOCH56QxbBb_RWTHplgnjdKptuowhNVku41fPgTzfD7kGVrElTWV49hEQo9lSPHnU8en64wyXcZR3dD3W3A2wMOZ-0-mmcKAEJMNaxhJxonwq88r-tlZAIf0wDoXpvv2X-4fr9TqruQJrsmvZTQ8VsUvGlU6dXZyg
2025/02/03 22:33:47 server.go:160: WebSocket server listening 127.0.0.1:8080
2025/02/03 22:33:49 server.go:91: Recibiendo petición
2025/02/03 22:33:49 server.go:49: exp: 1738647289
2025/02/03 22:33:49 server.go:50: iat: 1738647229
2025/02/03 22:33:49 server.go:51: sub: 5030a45d88f11a6b916d2209ffbc552825d3d530b9008bbf42fc690ed82e5118
2025/02/03 22:33:49 server.go:80: valid token &{eyJhbGciOiJSUzI1NiIsInR5cCI6IkpXVCJ9.eyJleHAiOjE3Mzg2NDcyODksImlhdCI6MTczODY0NzIyOSwic3ViIjoiNTAzMGE0NWQ4OGYxMWE2YjkxNmQyMjA5ZmZiYzU1MjgyNWQzZDUzMGI5MDA4YmJmNDJmYzY5MGVkODJlNTExOCJ9.TLXX_TZZraW-wvHze4hBKxEKHAVNVWJFcR5O8Yi40nyTQBuoP_MY7wmm9Bl7QjV7den6TpG8RjYT2bStlANGAqg1upBY5mNDen9XoY018rWOPxUSpBdJV6Rk8FHhunOOkm6mZAmqStZCzc0maTDdDVVCn6YG7jGCpItHDz-KvKcc15CQwxIbngK9g8c1071DSRSFeZjRAhKhqN66PbVLGW6D2STDZtctXONdBSEsTklH9fhMQVMcV5ZHAam4Br-tQPl1mFZpYJSXTr4yGceHe19675qrjQ1b77f_NlflFm5WKRBz6L5ZHosuLPm7Z350l91cGGdyYc8CdNn2kxxWEA 0xc000010180 map[alg:RS256 typ:JWT] 0xc000214080  false}
2025/02/03 22:33:49 server.go:130: Token JWT enviado al nodo secundario: eyJhbGciOiJSUzI1NiIsInR5cCI6IkpXVCJ9.eyJhZGRyIjoiMTI3LjAuMC4xOjU1OTIyIiwiZXhwIjoxNzM4NjQ3Mjg5LCJpYXQiOjE3Mzg2NDcyMjksInN1YiI6IjUwMzBhNDVkODhmMTFhNmI5MTZkMjIwOWZmYmM1NTI4MjVkM2Q1MzBiOTAwOGJiZjQyZmM2OTBlZDgyZTUxMTgifQ.Qh2FmpVzK-Wzl7l5QxKQRSXvhSNX3thET11jpuDXLxm49C0I9MEkVwVW9SHuWSazXgkIilsRT7eXFuLiGK48aZPCUK4itvi-gxsb8Zk-z7rs__IJUEOvHFfOJmVlgeUlv31tjHC3v5EfFQRDF7jjgjRmFZhGCDbMmp6rG2t2o2LfiflwvUprQ8ayOXPvbI5xNrz3_fdlivVKpjJYDCtlXiYsNemh9wo95LTQHGNlfeIRa26ybiWaHztTnL-ffWJZqMhfus--0J6WtnEvCvc5J0dFcbZCkSg92A6yMYJiULdsfPsSxtXfR5rmlmuEzN_-RU-8v8FL2rS0pEqXeNzOwA
2025/02/03 22:33:53 nodes.go:66: getting all nodes
2025/02/03 22:35:01 server.go:162: WebSocket server listening 127.0.0.1:8080
2025/02/03 22:35:02 server.go:91: Recibiendo petición
2025/02/03 22:35:02 server.go:49: exp: 1738647362
2025/02/03 22:35:02 server.go:50: iat: 1738647302
2025/02/03 22:35:02 server.go:51: sub: 5030a45d88f11a6b916d2209ffbc552825d3d530b9008bbf42fc690ed82e5118
2025/02/03 22:35:02 server.go:80: valid token &{eyJhbGciOiJSUzI1NiIsInR5cCI6IkpXVCJ9.eyJleHAiOjE3Mzg2NDczNjIsImlhdCI6MTczODY0NzMwMiwic3ViIjoiNTAzMGE0NWQ4OGYxMWE2YjkxNmQyMjA5ZmZiYzU1MjgyNWQzZDUzMGI5MDA4YmJmNDJmYzY5MGVkODJlNTExOCJ9.oJb5dVuhWgeiXNMMozdVOMAewWfSLSqDFvVWmjiAqQe89UyJFu-_VogW0LDRhQzEoZ2-wkPtDrj4LtAgtsnjy4iyqVSBhdWgyKeveGtbwOz91_bDR8K_hxVUDU0j-ZpnJj2lj5vQOw948xvGBR4XXB0sf8FK_tC9DjRD7oiHL2rntVwSg7T0MJiZmomgzaATOh1dOeLhIBUNJBO8QJnLFkNOKhOlhgPEykhqnQGJFunV3LdlmgUfMLSJgbF5bptJV35bViCaZE9tIT8MOhn7S36riPg6QOKUrkJjd1h6EcW39hac-LL340wio7uI3dIIgDDTV7pumUp3dPY_6TbcHQ 0xc000010198 map[alg:RS256 typ:JWT] 0xc00019a080  false}
2025/02/03 22:35:02 server.go:130: Token JWT enviado al nodo secundario: eyJhbGciOiJSUzI1NiIsInR5cCI6IkpXVCJ9.eyJhZGRyIjoiMTI3LjAuMC4xOjU1OTI5IiwiZXhwIjoxNzM4NjQ3MzYyLCJpYXQiOjE3Mzg2NDczMDIsInN1YiI6IjUwMzBhNDVkODhmMTFhNmI5MTZkMjIwOWZmYmM1NTI4MjVkM2Q1MzBiOTAwOGJiZjQyZmM2OTBlZDgyZTUxMTgifQ.bTnufTKtysztu5Edovsk_YkzSqDfVrN9-Wjc3Oi4TALXOYCENyAEIhjvD3FW4P8KDzAuWB6putN77mqrfzx6UHYWN69K9kLAcvoTIlIiIWMql1xwPuk8xNXIT0XoFPZhRp8WYirR8oaIcslDxZ4wBvy4UhhethyeNVr0s_uqLt_MGP7qOYY4aoELDNTUV-OndI5lPSFJ2Axk6iqnldBP3SuCXjQe72xX71UJQwBS83EeYlGtsTnNMBDnImTBl381CM8XBNhXFLdp4OdW1N0K34e8waBEdgfKpIu76XIf903PJ9DS3JOeNT1ewuYbUVjGnzvvRQHrupjqmB837ZhAFA
2025/02/03 22:35:02 server.go:132: 0 saved node id: 5030a45d88f11a6b916d2209ffbc552825d3d530b9008bbf42fc690ed82e5118
2025/02/03 22:35:02 nodes.go:15: saved node id: 5030a45d88f11a6b916d2209ffbc552825d3d530b9008bbf42fc690ed82e5118
2025/02/03 22:35:05 nodes.go:66: getting all nodes
